0 info it worked if it ends with ok
1 verbose cli [ 'D:\\nodejs\\node.exe',
1 verbose cli   'D:\\nodejs\\node_modules\\npm\\bin\\npm-cli.js',
1 verbose cli   'install',
1 verbose cli   'gaze' ]
2 info using npm@2.14.12
3 info using node@v4.2.6
4 verbose install initial load of D:\xampp\htdocs\Tumblr Theme Dev\package.json
5 verbose stack Error: Invalid name: "Tumblr Theme Dev"
5 verbose stack     at ensureValidName (D:\nodejs\node_modules\npm\node_modules\normalize-package-data\lib\fixer.js:336:15)
5 verbose stack     at Object.module.exports.fixNameField (D:\nodejs\node_modules\npm\node_modules\normalize-package-data\lib\fixer.js:215:5)
5 verbose stack     at D:\nodejs\node_modules\npm\node_modules\normalize-package-data\lib\normalize.js:32:38
5 verbose stack     at Array.forEach (native)
5 verbose stack     at normalize (D:\nodejs\node_modules\npm\node_modules\normalize-package-data\lib\normalize.js:31:15)
5 verbose stack     at final (D:\nodejs\node_modules\npm\node_modules\read-package-json\read-json.js:338:5)
5 verbose stack     at then (D:\nodejs\node_modules\npm\node_modules\read-package-json\read-json.js:113:5)
5 verbose stack     at D:\nodejs\node_modules\npm\node_modules\read-package-json\read-json.js:300:12
5 verbose stack     at D:\nodejs\node_modules\npm\node_modules\graceful-fs\graceful-fs.js:76:16
5 verbose stack     at FSReqWrap.readFileAfterClose [as oncomplete] (fs.js:380:3)
6 verbose cwd D:\xampp\htdocs\Tumblr Theme Dev\js
7 error Windows_NT 6.3.9600
8 error argv "D:\\nodejs\\node.exe" "D:\\nodejs\\node_modules\\npm\\bin\\npm-cli.js" "install" "gaze"
9 error node v4.2.6
10 error npm  v2.14.12
11 error Invalid name: "Tumblr Theme Dev"
12 error If you need help, you may report this error at:
12 error     <https://github.com/npm/npm/issues>
13 verbose exit [ 1, true ]
